<?xml version="1.0" encoding="UTF-8"?>
<testng-results ignored="0" total="2" passed="2" failed="0" skipped="0">
  <reporter-output>
  </reporter-output>
  <suite started-at="2021-06-08T23:31:13 IST" name="Default suite" finished-at="2021-06-08T23:32:00 IST" duration-ms="46881">
    <groups>
    </groups>
    <test started-at="2021-06-08T23:31:13 IST" name="Default test" finished-at="2021-06-08T23:32:00 IST" duration-ms="46881">
      <class name="Test.TestCases1">
        <test-method is-config="true" signature="BrowserLaunch()[pri:0, instance:Test.TestCases1@6069db50]" started-at="2021-06-08T23:31:13 IST" name="BrowserLaunch" finished-at="2021-06-08T23:31:15 IST" duration-ms="2470" status="PASS">
          <reporter-output>
          </reporter-output>
        </test-method> <!-- BrowserLaunch -->
        <test-method is-config="true" signature="StartTest()[pri:0, instance:Test.TestCases1@6069db50]" started-at="2021-06-08T23:31:15 IST" name="StartTest" finished-at="2021-06-08T23:31:16 IST" duration-ms="203" status="PASS">
          <reporter-output>
          </reporter-output>
        </test-method> <!-- StartTest -->
        <test-method signature="loginPage()[pri:0, instance:Test.TestCases1@6069db50]" started-at="2021-06-08T23:31:16 IST" name="loginPage" finished-at="2021-06-08T23:31:33 IST" duration-ms="16799" status="PASS">
          <reporter-output>
          </reporter-output>
        </test-method> <!-- loginPage -->
        <test-method signature="signup()[pri:1, instance:Test.TestCases1@6069db50]" started-at="2021-06-08T23:31:33 IST" name="signup" finished-at="2021-06-08T23:31:58 IST" duration-ms="25483" status="PASS">
          <reporter-output>
          </reporter-output>
        </test-method> <!-- signup -->
        <test-method is-config="true" signature="endtest()[pri:0, instance:Test.TestCases1@6069db50]" started-at="2021-06-08T23:31:58 IST" name="endtest" finished-at="2021-06-08T23:31:58 IST" duration-ms="246" status="PASS">
          <reporter-output>
          </reporter-output>
        </test-method> <!-- endtest -->
        <test-method is-config="true" signature="CloseBrowser()[pri:0, instance:Test.TestCases1@6069db50]" started-at="2021-06-08T23:31:58 IST" name="CloseBrowser" finished-at="2021-06-08T23:32:00 IST" duration-ms="1636" status="PASS">
          <reporter-output>
          </reporter-output>
        </test-method> <!-- CloseBrowser -->
      </class> <!-- Test.TestCases1 -->
    </test> <!-- Default test -->
  </suite> <!-- Default suite -->
</testng-results>
